  5_main.c
C:\Users\Administrator\Desktop\SBSProgramming2\Programming2\a5_자기참조구조체\5_main.c(100,9): warning C4477: 'printf' : 서식 문자열 '%d'에 'int' 형식의 인수가 필요하지만 variadic 인수 1의 형식이 'size_t'입니다.
  C:\Users\Administrator\Desktop\SBSProgramming2\Programming2\a5_자기참조구조체\5_main.c(100,9):
  서식 문자열에서 '%zd'을(를) 사용하는 것이 좋습니다.
  
C:\Users\Administrator\Desktop\SBSProgramming2\Programming2\a5_자기참조구조체\5_main.c(101,9): warning C4477: 'printf' : 서식 문자열 '%d'에 'int' 형식의 인수가 필요하지만 variadic 인수 1의 형식이 'size_t'입니다.
  C:\Users\Administrator\Desktop\SBSProgramming2\Programming2\a5_자기참조구조체\5_main.c(101,9):
  서식 문자열에서 '%zd'을(를) 사용하는 것이 좋습니다.
  
C:\Users\Administrator\Desktop\SBSProgramming2\Programming2\a5_자기참조구조체\5_main.c(102,9): warning C4477: 'printf' : 서식 문자열 '%d'에 'int' 형식의 인수가 필요하지만 variadic 인수 1의 형식이 'size_t'입니다.
  C:\Users\Administrator\Desktop\SBSProgramming2\Programming2\a5_자기참조구조체\5_main.c(102,9):
  서식 문자열에서 '%zd'을(를) 사용하는 것이 좋습니다.
  
C:\Users\Administrator\Desktop\SBSProgramming2\Programming2\a5_자기참조구조체\5_main.c(103,9): warning C4477: 'printf' : 서식 문자열 '%d'에 'int' 형식의 인수가 필요하지만 variadic 인수 1의 형식이 'size_t'입니다.
  C:\Users\Administrator\Desktop\SBSProgramming2\Programming2\a5_자기참조구조체\5_main.c(103,9):
  서식 문자열에서 '%zd'을(를) 사용하는 것이 좋습니다.
  
C:\Users\Administrator\Desktop\SBSProgramming2\Programming2\a5_자기참조구조체\5_main.c(104,9): warning C4477: 'printf' : 서식 문자열 '%d'에 'int' 형식의 인수가 필요하지만 variadic 인수 1의 형식이 'size_t'입니다.
  C:\Users\Administrator\Desktop\SBSProgramming2\Programming2\a5_자기참조구조체\5_main.c(104,9):
  서식 문자열에서 '%zd'을(를) 사용하는 것이 좋습니다.
  
C:\Users\Administrator\Desktop\SBSProgramming2\Programming2\a5_자기참조구조체\5_main.c(108,9): warning C4477: 'printf' : 서식 문자열 '%d'에 'int' 형식의 인수가 필요하지만 variadic 인수 1의 형식이 'size_t'입니다.
  C:\Users\Administrator\Desktop\SBSProgramming2\Programming2\a5_자기참조구조체\5_main.c(108,9):
  서식 문자열에서 '%zd'을(를) 사용하는 것이 좋습니다.
  
C:\Users\Administrator\Desktop\SBSProgramming2\Programming2\a5_자기참조구조체\5_main.c(109,9): warning C4477: 'printf' : 서식 문자열 '%d'에 'int' 형식의 인수가 필요하지만 variadic 인수 1의 형식이 'size_t'입니다.
  C:\Users\Administrator\Desktop\SBSProgramming2\Programming2\a5_자기참조구조체\5_main.c(109,9):
  서식 문자열에서 '%zd'을(를) 사용하는 것이 좋습니다.
  
C:\Users\Administrator\Desktop\SBSProgramming2\Programming2\a5_자기참조구조체\5_main.c(110,9): warning C4477: 'printf' : 서식 문자열 '%d'에 'int' 형식의 인수가 필요하지만 variadic 인수 1의 형식이 'size_t'입니다.
  C:\Users\Administrator\Desktop\SBSProgramming2\Programming2\a5_자기참조구조체\5_main.c(110,9):
  서식 문자열에서 '%zd'을(를) 사용하는 것이 좋습니다.
  
C:\Users\Administrator\Desktop\SBSProgramming2\Programming2\a5_자기참조구조체\5_main.c(111,9): warning C4477: 'printf' : 서식 문자열 '%d'에 'int' 형식의 인수가 필요하지만 variadic 인수 1의 형식이 'size_t'입니다.
  C:\Users\Administrator\Desktop\SBSProgramming2\Programming2\a5_자기참조구조체\5_main.c(111,9):
  서식 문자열에서 '%zd'을(를) 사용하는 것이 좋습니다.
  
  a5_자기참조구조체.vcxproj -> C:\Users\Administrator\Desktop\SBSProgramming2\Programming2\x64\Debug\a5_자기참조구조체.exe
